<?xml version="1.0" encoding="UTF-8"?>
<testsuite name="com.ait.qa21.SeleniumLocatorTest" tests="1" skipped="0" failures="0" errors="0" timestamp="2023-03-23T11:22:48" hostname="MYWORK" time="0.148">
  <properties/>
  <testcase name="startFindXpath" classname="com.ait.qa21.SeleniumLocatorTest" time="0.148"/>
  <system-out><![CDATA[]]></system-out>
  <system-err><![CDATA[Starting ChromeDriver 111.0.5563.64 (c710e93d5b63b7095afe8c2c17df34408078439d-refs/branch-heads/5563@{#995}) on port 28576
Only local connections are allowed.
Please see https://chromedriver.chromium.org/security-considerations for suggestions on keeping ChromeDriver safe.
ChromeDriver was started successfully.
мар. 23, 2023 12:22:47 PM org.openqa.selenium.devtools.CdpVersionFinder findNearestMatch
WARNING: Unable to find an exact match for CDP version 111, so returning the closest version found: 110
]]></system-err>
</testsuite>
